<?xml version="1.0" encoding="UTF-8" ?>
<testsuite failures="4" time="3,687.851" errors="0" skipped="0" tests="5" name="TestSuite">
  <properties>
    <property name="java.runtime.name" value="Java(TM) SE Runtime Environment"/>
    <property name="sun.boot.library.path" value="C:\Program Files\Java\jdk1.7.0_51\jre\bin"/>
    <property name="java.vm.version" value="24.51-b03"/>
    <property name="java.vm.vendor" value="Oracle Corporation"/>
    <property name="java.vendor.url" value="http://java.oracle.com/"/>
    <property name="path.separator" value=";"/>
    <property name="guice.disable.misplaced.annotation.check" value="true"/>
    <property name="java.vm.name" value="Java HotSpot(TM) 64-Bit Server VM"/>
    <property name="file.encoding.pkg" value="sun.io"/>
    <property name="user.script" value=""/>
    <property name="user.country" value="US"/>
    <property name="sun.java.launcher" value="SUN_STANDARD"/>
    <property name="sun.os.patch.level" value="Service Pack 1"/>
    <property name="java.vm.specification.name" value="Java Virtual Machine Specification"/>
    <property name="user.dir" value="D:\eclipse_projects\CafeLearn"/>
    <property name="java.runtime.version" value="1.7.0_51-b13"/>
    <property name="java.awt.graphicsenv" value="sun.awt.Win32GraphicsEnvironment"/>
    <property name="java.endorsed.dirs" value="C:\Program Files\Java\jdk1.7.0_51\jre\lib\endorsed"/>
    <property name="os.arch" value="amd64"/>
    <property name="java.io.tmpdir" value="C:\Users\sharanya\AppData\Local\Temp\"/>
    <property name="line.separator" value="
"/>
    <property name="java.vm.specification.vendor" value="Oracle Corporation"/>
    <property name="user.variant" value=""/>
    <property name="os.name" value="Windows 7"/>
    <property name="classworlds.conf" value="D:\eclipse_projects\.metadata\.plugins\org.eclipse.m2e.launching\launches\m2conf8744450959713441902.tmp"/>
    <property name="sun.jnu.encoding" value="Cp1252"/>
    <property name="java.library.path" value="C:\Program Files\Java\jdk1.7.0_51\bin;C:\Windows\Sun\Java\bin;C:\Windows\system32;C:\Windows;C:/Program Files (x86)/Java/jre7/bin/client;C:/Program Files (x86)/Java/jre7/bin;C:/Program Files (x86)/Java/jre7/lib/i386;C:\Windows\system32;C:\Windows;C:\Windows\System32\Wbem;C:\Windows\System32\WindowsPowerShell\v1.0\;C:\rubygems-2.2.2\bin;C:\jruby-1.7.11\bin;C:\Ruby\bin;D:\Application\eclipse;;."/>
    <property name="java.specification.name" value="Java Platform API Specification"/>
    <property name="java.class.version" value="51.0"/>
    <property name="sun.management.compiler" value="HotSpot 64-Bit Tiered Compilers"/>
    <property name="os.version" value="6.1"/>
    <property name="user.home" value="C:\Users\sharanya"/>
    <property name="user.timezone" value="Asia/Calcutta"/>
    <property name="java.awt.printerjob" value="sun.awt.windows.WPrinterJob"/>
    <property name="java.specification.version" value="1.7"/>
    <property name="file.encoding" value="Cp1252"/>
    <property name="user.name" value="sharanya"/>
    <property name="java.class.path" value="/D:/Application/eclipse/configuration/org.eclipse.osgi/bundles/933/1/.cp/jars/plexus-classworlds-2.4.jar"/>
    <property name="java.vm.specification.version" value="1.7"/>
    <property name="sun.arch.data.model" value="64"/>
    <property name="java.home" value="C:\Program Files\Java\jdk1.7.0_51\jre"/>
    <property name="sun.java.command" value="org.codehaus.plexus.classworlds.launcher.Launcher -B install"/>
    <property name="java.specification.vendor" value="Oracle Corporation"/>
    <property name="user.language" value="en"/>
    <property name="awt.toolkit" value="sun.awt.windows.WToolkit"/>
    <property name="java.vm.info" value="mixed mode"/>
    <property name="java.version" value="1.7.0_51"/>
    <property name="java.ext.dirs" value="C:\Program Files\Java\jdk1.7.0_51\jre\lib\ext;C:\Windows\Sun\Java\lib\ext"/>
    <property name="sun.boot.class.path" value="C:\Program Files\Java\jdk1.7.0_51\jre\lib\resources.jar;C:\Program Files\Java\jdk1.7.0_51\jre\lib\rt.jar;C:\Program Files\Java\jdk1.7.0_51\jre\lib\sunrsasign.jar;C:\Program Files\Java\jdk1.7.0_51\jre\lib\jsse.jar;C:\Program Files\Java\jdk1.7.0_51\jre\lib\jce.jar;C:\Program Files\Java\jdk1.7.0_51\jre\lib\charsets.jar;C:\Program Files\Java\jdk1.7.0_51\jre\lib\jfr.jar;C:\Program Files\Java\jdk1.7.0_51\jre\classes"/>
    <property name="java.vendor" value="Oracle Corporation"/>
    <property name="maven.home" value="D:\eclipse_projects\CafeLearn\EMBEDDED"/>
    <property name="file.separator" value="\"/>
    <property name="java.vendor.url.bug" value="http://bugreport.sun.com/bugreport/"/>
    <property name="maven.bootclasspath" value="/D:/Application/eclipse/configuration/org.eclipse.osgi/bundles/933/1/.cp/jars/plexus-classworlds-2.4.jar"/>
    <property name="sun.cpu.endian" value="little"/>
    <property name="sun.io.unicode.encoding" value="UnicodeLittle"/>
    <property name="sun.desktop" value="windows"/>
    <property name="sun.cpu.isalist" value="amd64"/>
  </properties>
  <testcase time="0" classname="com.cafe.testcases.CafeLearnRegressionTest" name="setUp">
    <failure message="Could not start Selenium session: Failed to start new browser session: Error while launching browser" type="java.lang.RuntimeException">java.lang.RuntimeException: Could not start Selenium session: Failed to start new browser session: Error while launching browser
	at com.thoughtworks.selenium.DefaultSelenium.start(DefaultSelenium.java:109)
	at com.thoughtworks.selenium.SeleneseTestBase.setUp(SeleneseTestBase.java:134)
	at com.thoughtworks.selenium.SeleneseTestBase.setUp(SeleneseTestBase.java:103)
	at com.thoughtworks.selenium.SeleneseTestNgHelper.setUp(SeleneseTestNgHelper.java:47)
	at sun.reflect.NativeMethodAccessorImpl.invoke0(Native Method)
	at sun.reflect.NativeMethodAccessorImpl.invoke(NativeMethodAccessorImpl.java:57)
	at sun.reflect.DelegatingMethodAccessorImpl.invoke(DelegatingMethodAccessorImpl.java:43)
	at java.lang.reflect.Method.invoke(Method.java:606)
	at org.testng.internal.MethodInvocationHelper.invokeMethod(MethodInvocationHelper.java:80)
	at org.testng.internal.Invoker.invokeConfigurationMethod(Invoker.java:564)
	at org.testng.internal.Invoker.invokeConfigurations(Invoker.java:213)
	at org.testng.internal.Invoker.invokeConfigurations(Invoker.java:138)
	at org.testng.TestRunner.beforeRun(TestRunner.java:641)
	at org.testng.TestRunner.run(TestRunner.java:609)
	at org.testng.SuiteRunner.runTest(SuiteRunner.java:334)
	at org.testng.SuiteRunner.runSequentially(SuiteRunner.java:329)
	at org.testng.SuiteRunner.privateRun(SuiteRunner.java:291)
	at org.testng.SuiteRunner.run(SuiteRunner.java:240)
	at org.testng.SuiteRunnerWorker.runSuite(SuiteRunnerWorker.java:52)
	at org.testng.SuiteRunnerWorker.run(SuiteRunnerWorker.java:86)
	at org.testng.TestNG.runSuitesSequentially(TestNG.java:1198)
	at org.testng.TestNG.runSuitesLocally(TestNG.java:1123)
	at org.testng.TestNG.run(TestNG.java:1031)
	at org.apache.maven.surefire.testng.TestNGExecutor.run(TestNGExecutor.java:70)
	at org.apache.maven.surefire.testng.TestNGDirectoryTestSuite.executeMulti(TestNGDirectoryTestSuite.java:158)
	at org.apache.maven.surefire.testng.TestNGDirectoryTestSuite.execute(TestNGDirectoryTestSuite.java:98)
	at org.apache.maven.surefire.testng.TestNGProvider.invoke(TestNGProvider.java:111)
	at sun.reflect.NativeMethodAccessorImpl.invoke0(Native Method)
	at sun.reflect.NativeMethodAccessorImpl.invoke(NativeMethodAccessorImpl.java:57)
	at sun.reflect.DelegatingMethodAccessorImpl.invoke(DelegatingMethodAccessorImpl.java:43)
	at java.lang.reflect.Method.invoke(Method.java:606)
	at org.apache.maven.surefire.util.ReflectionUtils.invokeMethodWithArray(ReflectionUtils.java:164)
	at org.apache.maven.surefire.booter.ProviderFactory$ProviderProxy.invoke(ProviderFactory.java:110)
	at org.apache.maven.surefire.booter.SurefireStarter.invokeProvider(SurefireStarter.java:175)
	at org.apache.maven.surefire.booter.SurefireStarter.runSuitesInProcessWhenForked(SurefireStarter.java:107)
	at org.apache.maven.surefire.booter.ForkedBooter.main(ForkedBooter.java:68)
Caused by: com.thoughtworks.selenium.SeleniumException: Failed to start new browser session: Error while launching browser
	at com.thoughtworks.selenium.HttpCommandProcessor.throwAssertionFailureExceptionOrError(HttpCommandProcessor.java:112)
	at com.thoughtworks.selenium.HttpCommandProcessor.doCommand(HttpCommandProcessor.java:106)
	at com.thoughtworks.selenium.HttpCommandProcessor.getString(HttpCommandProcessor.java:275)
	at com.thoughtworks.selenium.HttpCommandProcessor.start(HttpCommandProcessor.java:237)
	at com.thoughtworks.selenium.DefaultSelenium.start(DefaultSelenium.java:100)
	... 35 more
Caused by: com.thoughtworks.selenium.SeleniumException: Failed to start new browser session: Error while launching browser
	at com.thoughtworks.selenium.HttpCommandProcessor.throwAssertionFailureExceptionOrError(HttpCommandProcessor.java:112)
	at com.thoughtworks.selenium.HttpCommandProcessor.doCommand(HttpCommandProcessor.java:106)
	at com.thoughtworks.selenium.HttpCommandProcessor.getString(HttpCommandProcessor.java:275)
	at com.thoughtworks.selenium.HttpCommandProcessor.start(HttpCommandProcessor.java:237)
	at com.thoughtworks.selenium.DefaultSelenium.start(DefaultSelenium.java:100)
	... 35 more
</failure>
  </testcase>
  <testcase time="29.154" classname="com.cafe.util.TestCase" name="AdminLogin"/>
  <testcase time="3,655.655" classname="com.cafe.util.TestCase" name="Admin_School">
    <failure message="ERROR: Command timed out" type="com.thoughtworks.selenium.SeleniumException">com.thoughtworks.selenium.SeleniumException: ERROR: Command timed out
	at com.thoughtworks.selenium.HttpCommandProcessor.throwAssertionFailureExceptionOrError(HttpCommandProcessor.java:112)
	at com.thoughtworks.selenium.HttpCommandProcessor.doCommand(HttpCommandProcessor.java:106)
	at com.thoughtworks.selenium.HttpCommandProcessor.getString(HttpCommandProcessor.java:275)
	at com.thoughtworks.selenium.DefaultSelenium.getText(DefaultSelenium.java:471)
	at com.cafe.util.TestUtility.detailActionReport(TestUtility.java:87)
	at com.cafe.util.TestUtility.waitFor(TestUtility.java:429)
	at com.cafe.util.TestStep$9.call(TestStep.java:144)
	at com.cafe.util.TestStep$9.call(TestStep.java:1)
	at com.cafe.util.TestStep.doStep(TestStep.java:242)
	at com.cafe.util.TestCase.runTestCase(TestCase.java:49)
</failure>
    <system-out>2014-04-12 12:17:25,588 INFO  - _______________________________________________________________________
2014-04-12 12:17:25,589 INFO  - Running Test:Admin_School(firefox) on driver: browser:firefox
2014-04-12 12:17:25,589 INFO  - Step: SetUrl 
Action: 
Xpath:http://54.83.39.177/admin 
Data:
2014-04-12 12:17:25,590 INFO  - SetUrl:http://54.83.39.177/admin
2014-04-12 12:17:25,591 INFO  - Test Site:http://54.83.39.177/admin
2014-04-12 12:17:27,661 INFO  - Step: Admin_Schools_Loading 
Action:Click 
Xpath:.//*[@id=&apos;schools&apos;]/a 
Data:
2014-04-12 12:17:27,705 INFO  - Saranya:: .//*[@id=&apos;schools&apos;]/a
2014-04-12 12:17:27,705 INFO  - Found the web element to click
2014-04-12 12:17:27,705 INFO  - Step: Admin_Schools_Loading 
Action:Wait 
Xpath: 
Data:
2014-04-12 12:17:32,465 INFO  - Step: Admin_Schools_Loading 
Action:VerifyTitle 
Xpath: 
Data:Schools | Cafelearn
2014-04-12 12:17:33,483 INFO  - verified Title: Schools | Cafelearn
2014-04-12 12:17:33,483 INFO  - Step: Admin_Schools_Loading 
Action:VerifyText 
Xpath:.//*[@id=&apos;page_title&apos;] 
Data:Schools
2014-04-12 12:17:33,499 INFO  - Verified Text: Schools
2014-04-12 12:17:33,499 INFO  - -----------------------------------------------------------
2014-04-12 12:17:33,500 INFO  - Action is        :verifyText
2014-04-12 12:17:33,500 INFO  - Xpath is         :.//*[@id=&apos;page_title&apos;]
2014-04-12 12:17:33,501 INFO  - Expected Data is :Schools
2014-04-12 12:17:33,515 INFO  - Actual data is   :Schools
2014-04-12 12:17:33,516 INFO  - Step: Admin_Schools_Loading 
Action:Click 
Xpath:.//*[@id=&apos;titlebar_right&apos;]/div/span/a 
Data:
2014-04-12 12:17:33,540 INFO  - Saranya:: .//*[@id=&apos;titlebar_right&apos;]/div/span/a
2014-04-12 12:17:33,541 INFO  - Found the web element to click
2014-04-12 12:17:33,541 INFO  - Step: Admin_Schools_Loading 
Action:Wait 
Xpath: 
Data:
2014-04-12 12:17:38,016 INFO  - Step: Admin_Schools_Verifying 
Action:VerifyText 
Xpath:.//*[@id=&apos;page_title&apos;] 
Data:New School
2014-04-12 12:17:38,033 INFO  - Verified Text: New School
2014-04-12 12:17:38,034 INFO  - -----------------------------------------------------------
2014-04-12 12:17:38,034 INFO  - Action is        :verifyText
2014-04-12 12:17:38,035 INFO  - Xpath is         :.//*[@id=&apos;page_title&apos;]
2014-04-12 12:17:38,036 INFO  - Expected Data is :New School
2014-04-12 12:17:38,051 INFO  - Actual data is   :New School
2014-04-12 12:17:38,051 INFO  - Step: Admin_Schools_Verifying 
Action:VerifyText 
Xpath:.//*[@id=&apos;school_name_input&apos;]/label 
Data:Name
2014-04-12 12:17:38,063 INFO  - Verified Text: Name
2014-04-12 12:17:38,063 INFO  - -----------------------------------------------------------
2014-04-12 12:17:38,063 INFO  - Action is        :verifyText
2014-04-12 12:17:38,064 INFO  - Xpath is         :.//*[@id=&apos;school_name_input&apos;]/label
2014-04-12 12:17:38,064 INFO  - Expected Data is :Name
2014-04-12 12:17:38,080 INFO  - Actual data is   :Name*
2014-04-12 12:17:38,081 INFO  - Step: Admin_Schools_Verifying 
Action:VerifyText 
Xpath:.//*[@id=&apos;school_url_input&apos;]/label 
Data:Url
2014-04-12 12:17:38,098 INFO  - Verified Text: Url
2014-04-12 12:17:38,098 INFO  - -----------------------------------------------------------
2014-04-12 12:17:38,098 INFO  - Action is        :verifyText
2014-04-12 12:17:38,099 INFO  - Xpath is         :.//*[@id=&apos;school_url_input&apos;]/label
2014-04-12 12:17:38,099 INFO  - Expected Data is :Url
2014-04-12 12:17:38,108 INFO  - Actual data is   :Url*
2014-04-12 12:17:38,109 INFO  - Step: Admin_Schools_Verifying 
Action:VerifyText 
Xpath:.//*[@id=&apos;school_sub_domain_input&apos;]/label 
Data:Sub domain
2014-04-12 12:17:38,118 INFO  - Verified Text: Sub domain
2014-04-12 12:17:38,118 INFO  - -----------------------------------------------------------
2014-04-12 12:17:38,118 INFO  - Action is        :verifyText
2014-04-12 12:17:38,119 INFO  - Xpath is         :.//*[@id=&apos;school_sub_domain_input&apos;]/label
2014-04-12 12:17:38,119 INFO  - Expected Data is :Sub domain
2014-04-12 12:17:38,128 INFO  - Actual data is   :Sub domain*
2014-04-12 12:17:38,128 INFO  - Step: Admin_Schools_Negative 
Action:Click 
Xpath:.//*[@id=&apos;school_submit_action&apos;]/input 
Data:
2014-04-12 12:17:38,164 INFO  - Saranya:: .//*[@id=&apos;school_submit_action&apos;]/input
2014-04-12 12:17:38,164 INFO  - Found the web element to click
2014-04-12 12:17:38,165 INFO  - Step: Admin_Schools_Negative 
Action:Wait 
Xpath: 
Data:
2014-04-12 12:17:41,543 INFO  - Step: Admin_Schools_Negative 
Action:VerifyText 
Xpath:.//*[@id=&apos;school_name_input&apos;]/p 
Data:Name can not be blank.
2014-04-12 12:17:41,562 INFO  - Verified Text: Name can not be blank.
2014-04-12 12:17:41,563 INFO  - -----------------------------------------------------------
2014-04-12 12:17:41,563 INFO  - Action is        :verifyText
2014-04-12 12:17:41,564 INFO  - Xpath is         :.//*[@id=&apos;school_name_input&apos;]/p
2014-04-12 12:17:41,565 INFO  - Expected Data is :Name can not be blank.
2014-04-12 12:17:41,581 INFO  - Actual data is   :Name can not be blank.
2014-04-12 12:17:41,582 INFO  - Step: Admin_Schools_Negative 
Action:VerifyText 
Xpath:.//*[@id=&apos;school_url_input&apos;]/p 
Data:Url can not be blank.
2014-04-12 12:17:41,595 INFO  - Verified Text: Url can not be blank.
2014-04-12 12:17:41,595 INFO  - -----------------------------------------------------------
2014-04-12 12:17:41,596 INFO  - Action is        :verifyText
2014-04-12 12:17:41,596 INFO  - Xpath is         :.//*[@id=&apos;school_url_input&apos;]/p
2014-04-12 12:17:41,596 INFO  - Expected Data is :Url can not be blank.
2014-04-12 12:17:41,607 INFO  - Actual data is   :Url can not be blank.
2014-04-12 12:17:41,608 INFO  - Step: Admin_Schools_Negative 
Action:VerifyText 
Xpath:.//*[@id=&apos;school_sub_domain_input&apos;]/p 
Data:Sub domain can not be blank.
2014-04-12 12:17:41,619 INFO  - Verified Text: Sub domain can not be blank.
2014-04-12 12:17:41,619 INFO  - -----------------------------------------------------------
2014-04-12 12:17:41,619 INFO  - Action is        :verifyText
2014-04-12 12:17:41,620 INFO  - Xpath is         :.//*[@id=&apos;school_sub_domain_input&apos;]/p
2014-04-12 12:17:41,620 INFO  - Expected Data is :Sub domain can not be blank.
2014-04-12 12:17:41,630 INFO  - Actual data is   :Sub domain can not be blank.
2014-04-12 12:17:41,630 INFO  - Step: Admin_Schools_Cancel 
Action:UniqueInput 
Xpath:.//*[@id=&apos;school_name&apos;] 
Data:School
2014-04-12 12:17:41,684 INFO  - -----------------------------------------------------------
2014-04-12 12:17:41,685 INFO  - Action is        :inputData
2014-04-12 12:17:41,685 INFO  - Xpath is         :.//*[@id=&apos;school_name&apos;]
2014-04-12 12:17:41,685 INFO  - Expected Data is :120414121656School
2014-04-12 12:17:41,698 INFO  - Actual data is   :
2014-04-12 12:17:41,699 INFO  - Step: Admin_Schools_Cancel 
Action:Click 
Xpath:.//*[@id=&apos;new_school&apos;]/fieldset[2]/ol/li[2]/a 
Data:
2014-04-12 12:17:41,722 INFO  - Saranya:: .//*[@id=&apos;new_school&apos;]/fieldset[2]/ol/li[2]/a
2014-04-12 12:17:41,722 INFO  - Found the web element to click
2014-04-12 12:17:41,723 INFO  - Step: Admin_Schools_Cancel 
Action:Wait 
Xpath: 
Data:
2014-04-12 12:17:45,022 INFO  - Step: Admin_Schools_Cancel 
Action:VerifyText 
Xpath:.//*[@id=&apos;page_title&apos;] 
Data:Schools
2014-04-12 12:17:45,040 INFO  - Verified Text: Schools
2014-04-12 12:17:45,041 INFO  - -----------------------------------------------------------
2014-04-12 12:17:45,042 INFO  - Action is        :verifyText
2014-04-12 12:17:45,042 INFO  - Xpath is         :.//*[@id=&apos;page_title&apos;]
2014-04-12 12:17:45,043 INFO  - Expected Data is :Schools
2014-04-12 12:17:45,061 INFO  - Actual data is   :Schools
2014-04-12 12:17:45,062 INFO  - Step: Admin_Schools_Creation 
Action:Click 
Xpath:.//*[@id=&apos;titlebar_right&apos;]/div/span/a 
Data:
2014-04-12 12:17:45,101 INFO  - Saranya:: .//*[@id=&apos;titlebar_right&apos;]/div/span/a
2014-04-12 12:17:45,102 INFO  - Found the web element to click
2014-04-12 12:17:45,102 INFO  - Step: Admin_Schools_Creation 
Action:Wait 
Xpath: 
Data:
2014-04-12 12:17:48,167 INFO  - Step: Admin_Schools_Creation 
Action:UniqueInput 
Xpath:.//*[@id=&apos;school_name&apos;] 
Data:School
2014-04-12 12:17:48,240 INFO  - -----------------------------------------------------------
2014-04-12 12:17:48,240 INFO  - Action is        :inputData
2014-04-12 12:17:48,241 INFO  - Xpath is         :.//*[@id=&apos;school_name&apos;]
2014-04-12 12:17:48,241 INFO  - Expected Data is :120414121656School
2014-04-12 12:17:48,250 INFO  - Actual data is   :
2014-04-12 12:17:48,250 INFO  - Step: Admin_Schools_Creation 
Action:UniqueInput 
Xpath:.//*[@id=&apos;school_url&apos;] 
Data:school.com
2014-04-12 12:17:48,282 INFO  - -----------------------------------------------------------
2014-04-12 12:17:48,282 INFO  - Action is        :inputData
2014-04-12 12:17:48,283 INFO  - Xpath is         :.//*[@id=&apos;school_url&apos;]
2014-04-12 12:17:48,283 INFO  - Expected Data is :120414121656school.com
2014-04-12 12:17:48,292 INFO  - Actual data is   :
2014-04-12 12:17:48,293 INFO  - Step: Admin_Schools_Creation 
Action:UniqueInput 
Xpath:.//*[@id=&apos;school_sub_domain&apos;] 
Data:publicschool
2014-04-12 12:17:48,701 INFO  - -----------------------------------------------------------
2014-04-12 12:17:48,701 INFO  - Action is        :inputData
2014-04-12 12:17:48,701 INFO  - Xpath is         :.//*[@id=&apos;school_sub_domain&apos;]
2014-04-12 12:17:48,702 INFO  - Expected Data is :120414121656publicschool
2014-04-12 12:17:48,710 INFO  - Actual data is   :
2014-04-12 12:17:48,711 INFO  - Step: Admin_Schools_Creation 
Action:Click 
Xpath:.//*[@id=&apos;school_submit_action&apos;]/input 
Data:
2014-04-12 12:17:48,736 INFO  - Saranya:: .//*[@id=&apos;school_submit_action&apos;]/input
2014-04-12 12:17:48,736 INFO  - Found the web element to click
2014-04-12 12:17:48,737 INFO  - Step: Admin_Schools_Creation 
Action:Wait 
Xpath: 
Data:
2014-04-12 12:17:52,114 INFO  - Step: Admin_Schools_VerifyingCreatedUser_view 
Action:VerifyUniqueInput 
Xpath:.//*[@id=&apos;page_title&apos;] 
Data:School
2014-04-12 12:17:52,148 INFO  - Verified Text: 120414121656School
2014-04-12 12:17:52,149 INFO  - -----------------------------------------------------------
2014-04-12 12:17:52,149 INFO  - Action is        :verifyUniqueInput
2014-04-12 12:17:52,149 INFO  - Xpath is         :.//*[@id=&apos;page_title&apos;]
2014-04-12 12:17:52,149 INFO  - Expected Data is :School
2014-04-12 12:17:52,159 INFO  - Actual data is   :120414121656School
2014-04-12 12:17:52,159 INFO  - Step: Admin_Schools_VerifyingCreatedUser_view 
Action:StoreValue 
Xpath: 
Data:
2014-04-12 12:17:52,168 INFO  - Value Stored:30
2014-04-12 12:17:52,169 INFO  - Step: Admin_Schools_Display 
Action:Click 
Xpath:.//*[@id=&apos;schools&apos;]/a 
Data:
2014-04-12 12:17:52,196 INFO  - Saranya:: .//*[@id=&apos;schools&apos;]/a
2014-04-12 12:17:52,196 INFO  - Found the web element to click
2014-04-12 12:17:52,197 INFO  - Step: Admin_Schools_Display 
Action:Wait 
Xpath: 
Data:
2014-04-12 12:17:56,562 INFO  - Step: Admin_Schools_Display 
Action:VerifyUniqueInput 
Xpath:.//*[@id=&apos;school_ 
Data:School
2014-04-12 12:17:56,597 INFO  - Verified Text: 120414121656School
2014-04-12 12:17:56,599 INFO  - -----------------------------------------------------------
2014-04-12 12:17:56,599 INFO  - Action is        :verifyUniqueInput
2014-04-12 12:17:56,600 INFO  - Xpath is         :.//*[@id=&apos;school_30&apos;]/td[3]
2014-04-12 12:17:56,600 INFO  - Expected Data is :School
2014-04-12 12:17:56,618 INFO  - Actual data is   :120414121656School
2014-04-12 12:17:56,619 INFO  - Step: Admin_Schools_Display 
Action:Click 
Xpath:.//*[@id=&apos;school_ 
Data:
2014-04-12 12:17:56,649 INFO  - Saranya:: .//*[@id=&apos;school_30&apos;]/td[2]/a
2014-04-12 12:17:56,650 INFO  - Found the web element to click
2014-04-12 12:17:56,650 INFO  - Step: Admin_Schools_Display 
Action:Wait 
Xpath: 
Data:
2014-04-12 12:17:59,434 INFO  - Step: Admin_Schools_Display 
Action:VerifyUniqueInput 
Xpath:.//*[@id=&apos;page_title&apos;] 
Data:School
2014-04-12 12:17:59,467 INFO  - Verified Text: 120414121656School
2014-04-12 12:17:59,468 INFO  - -----------------------------------------------------------
2014-04-12 12:17:59,468 INFO  - Action is        :verifyUniqueInput
2014-04-12 12:17:59,468 INFO  - Xpath is         :.//*[@id=&apos;page_title&apos;]
2014-04-12 12:17:59,469 INFO  - Expected Data is :School
2014-04-12 12:17:59,478 INFO  - Actual data is   :120414121656School
2014-04-12 12:17:59,479 INFO  - Step: Admin_Schools_Display 
Action:Click 
Xpath:.//*[@id=&apos;schools&apos;]/a 
Data:
2014-04-12 12:17:59,504 INFO  - Saranya:: .//*[@id=&apos;schools&apos;]/a
2014-04-12 12:17:59,505 INFO  - Found the web element to click
2014-04-12 12:17:59,505 INFO  - Step: Admin_Schools_Display 
Action:Wait 
Xpath: 
Data:
2014-04-12 12:18:03,051 INFO  - Step: Admin_Schools_Display 
Action:VerifyText 
Xpath:.//*[@id=&apos;page_title&apos;] 
Data:Schools
2014-04-12 12:18:03,069 INFO  - Verified Text: Schools
2014-04-12 12:18:03,070 INFO  - -----------------------------------------------------------
2014-04-12 12:18:03,070 INFO  - Action is        :verifyText
2014-04-12 12:18:03,071 INFO  - Xpath is         :.//*[@id=&apos;page_title&apos;]
2014-04-12 12:18:03,071 INFO  - Expected Data is :Schools
2014-04-12 12:18:03,085 INFO  - Actual data is   :Schools
2014-04-12 12:18:03,086 INFO  - Step: Admin_Schools_Display 
Action:Click 
Xpath:.//*[@id=&apos;school_ 
Data:
2014-04-12 12:18:03,121 INFO  - Saranya:: .//*[@id=&apos;school_30&apos;]/td[10]/a[1]
2014-04-12 12:18:03,122 INFO  - Found the web element to click
2014-04-12 12:18:03,122 INFO  - Step: Admin_Schools_Display 
Action:Wait 
Xpath: 
Data:
2014-04-12 12:18:06,122 INFO  - Step: Admin_Schools_Display 
Action:VerifyUniqueInput 
Xpath:.//*[@id=&apos;page_title&apos;] 
Data:School
2014-04-12 12:18:06,153 INFO  - Verified Text: 120414121656School
2014-04-12 12:18:06,179 INFO  - -----------------------------------------------------------
2014-04-12 12:18:06,184 INFO  - Action is        :verifyUniqueInput
2014-04-12 12:18:06,184 INFO  - Xpath is         :.//*[@id=&apos;page_title&apos;]
2014-04-12 12:18:06,185 INFO  - Expected Data is :School
2014-04-12 12:18:06,200 INFO  - Actual data is   :120414121656School
2014-04-12 12:18:06,201 INFO  - Step: Admin_Schools_Edit_from_view_negative 
Action:Click 
Xpath:.//*[@id=&apos;titlebar_right&apos;]/div/span[1]/a 
Data:
2014-04-12 12:18:06,233 INFO  - Saranya:: .//*[@id=&apos;titlebar_right&apos;]/div/span[1]/a
2014-04-12 12:18:06,233 INFO  - Found the web element to click
2014-04-12 12:18:06,233 INFO  - Step: Admin_Schools_Edit_from_view_negative 
Action:Wait 
Xpath: 
Data:
2014-04-12 12:18:09,495 INFO  - Step: Admin_Schools_Edit_from_view_negative 
Action:Input 
Xpath:.//*[@id=&apos;school_name&apos;] 
Data:
2014-04-12 12:18:09,558 INFO  - -----------------------------------------------------------
2014-04-12 12:18:09,558 INFO  - Action is        :inputData
2014-04-12 12:18:09,559 INFO  - Xpath is         :.//*[@id=&apos;school_name&apos;]
2014-04-12 12:18:09,559 INFO  - Expected Data is :
2014-04-12 12:18:09,568 INFO  - Actual data is   :
2014-04-12 12:18:09,568 INFO  - Step: Admin_Schools_Edit_from_view_negative 
Action:Input 
Xpath:.//*[@id=&apos;school_url&apos;] 
Data:
2014-04-12 12:18:09,612 INFO  - -----------------------------------------------------------
2014-04-12 12:18:09,613 INFO  - Action is        :inputData
2014-04-12 12:18:09,613 INFO  - Xpath is         :.//*[@id=&apos;school_url&apos;]
2014-04-12 12:18:09,613 INFO  - Expected Data is :
2014-04-12 12:18:09,622 INFO  - Actual data is   :
2014-04-12 12:18:09,622 INFO  - Step: Admin_Schools_Edit_from_view_negative 
Action:Input 
Xpath:.//*[@id=&apos;school_sub_domain&apos;] 
Data:
2014-04-12 12:18:09,654 INFO  - -----------------------------------------------------------
2014-04-12 12:18:09,654 INFO  - Action is        :inputData
2014-04-12 12:18:09,654 INFO  - Xpath is         :.//*[@id=&apos;school_sub_domain&apos;]
2014-04-12 12:18:09,655 INFO  - Expected Data is :
2014-04-12 12:18:09,664 INFO  - Actual data is   :
2014-04-12 12:18:09,664 INFO  - Step: Admin_Schools_Edit_from_view_negative 
Action:Click 
Xpath:.//*[@id=&apos;school_submit_action&apos;]/input 
Data:
2014-04-12 12:18:09,689 INFO  - Saranya:: .//*[@id=&apos;school_submit_action&apos;]/input
2014-04-12 12:18:09,689 INFO  - Found the web element to click
2014-04-12 12:18:09,690 INFO  - Step: Admin_Schools_Edit_from_view_negative 
Action:Wait 
Xpath: 
Data:
2014-04-12 12:18:14,016 INFO  - Step: Admin_Schools_Edit_from_view_negative 
Action:VerifyText 
Xpath:.//*[@id=&apos;school_name_input&apos;]/p 
Data:Name can not be blank.
2014-04-12 12:18:14,035 INFO  - Verified Text: Name can not be blank.
2014-04-12 12:18:14,036 INFO  - -----------------------------------------------------------
2014-04-12 12:18:14,036 INFO  - Action is        :verifyText
2014-04-12 12:18:14,037 INFO  - Xpath is         :.//*[@id=&apos;school_name_input&apos;]/p
2014-04-12 12:18:14,037 INFO  - Expected Data is :Name can not be blank.
2014-04-12 12:18:14,052 INFO  - Actual data is   :Name can not be blank.
2014-04-12 12:18:14,053 INFO  - Step: Admin_Schools_Edit_from_view_negative 
Action:VerifyText 
Xpath:.//*[@id=&apos;school_url_input&apos;]/p 
Data:Url can not be blank.
2014-04-12 12:18:14,067 INFO  - Verified Text: Url can not be blank.
2014-04-12 12:18:14,068 INFO  - -----------------------------------------------------------
2014-04-12 12:18:14,068 INFO  - Action is        :verifyText
2014-04-12 12:18:14,068 INFO  - Xpath is         :.//*[@id=&apos;school_url_input&apos;]/p
2014-04-12 12:18:14,069 INFO  - Expected Data is :Url can not be blank.
2014-04-12 12:18:14,080 INFO  - Actual data is   :Url can not be blank.
2014-04-12 12:18:14,080 INFO  - Step: Admin_Schools_Edit_from_view_negative 
Action:VerifyText 
Xpath:.//*[@id=&apos;school_sub_domain_input&apos;]/p 
Data:Sub domain can not be blank.
2014-04-12 12:18:14,095 INFO  - Verified Text: Sub domain can not be blank.
2014-04-12 12:18:14,095 INFO  - -----------------------------------------------------------
2014-04-12 12:18:14,095 INFO  - Action is        :verifyText
2014-04-12 12:18:14,096 INFO  - Xpath is         :.//*[@id=&apos;school_sub_domain_input&apos;]/p
2014-04-12 12:18:14,096 INFO  - Expected Data is :Sub domain can not be blank.
2014-04-12 12:18:14,108 INFO  - Actual data is   :Sub domain can not be blank.
2014-04-12 12:18:14,109 INFO  - Step: Admin_Schools_Edit_from_view_negative 
Action:Click 
Xpath:.//*[@id=&apos;edit_school&apos;]/fieldset[2]/ol/li[2]/a 
Data:
2014-04-12 12:18:14,140 INFO  - Saranya:: .//*[@id=&apos;edit_school&apos;]/fieldset[2]/ol/li[2]/a
2014-04-12 12:18:14,141 INFO  - Found the web element to click
2014-04-12 12:18:14,141 INFO  - Step: Admin_Schools_Edit_from_view_negative 
Action:Wait 
Xpath: 
Data:
2014-04-12 12:18:18,015 INFO  - Step: Admin_Schools_Edit_from_view_negative 
Action:VerifyText 
Xpath:.//*[@id=&apos;page_title&apos;] 
Data:School
2014-04-12 12:18:18,032 INFO  - Verified Text: School
2014-04-12 12:18:18,033 INFO  - -----------------------------------------------------------
2014-04-12 12:18:18,033 INFO  - Action is        :verifyText
2014-04-12 12:18:18,034 INFO  - Xpath is         :.//*[@id=&apos;page_title&apos;]
2014-04-12 12:18:18,034 INFO  - Expected Data is :School
2014-04-12 12:18:18,052 INFO  - Actual data is   :Schools
2014-04-12 12:18:18,052 INFO  - Step: Admin_Schools_Edit_from_view_negative 
Action:VerifyUniqueInput 
Xpath:.//*[@id=&apos;school_ 
Data:School
2014-04-12 12:18:18,080 INFO  - Verified Text: 120414121656School
2014-04-12 12:18:18,080 INFO  - -----------------------------------------------------------
2014-04-12 12:18:18,081 INFO  - Action is        :verifyUniqueInput
2014-04-12 12:18:18,081 INFO  - Xpath is         :.//*[@id=&apos;school_30&apos;]/td[3]
2014-04-12 12:18:18,081 INFO  - Expected Data is :School
2014-04-12 12:18:18,092 INFO  - Actual data is   :120414121656School
2014-04-12 12:18:18,092 INFO  - Step: Admin_Schools_Edit_from_Display 
Action:Click 
Xpath:.//*[@id=&apos;school_ 
Data:
2014-04-12 12:18:18,125 INFO  - Saranya:: .//*[@id=&apos;school_30&apos;]/td[10]/a[2]
2014-04-12 12:18:18,125 INFO  - Found the web element to click
2014-04-12 12:18:18,125 INFO  - Step: Admin_Schools_Edit_from_Display 
Action:Wait 
Xpath: 
Data:
2014-04-12 12:18:21,004 INFO  - Step: Admin_Schools_Edit_from_Display 
Action:UniqueInput 
Xpath:.//*[@id=&apos;school_name&apos;] 
Data: Public School
2014-04-12 12:18:21,070 INFO  - -----------------------------------------------------------
2014-04-12 12:18:21,070 INFO  - Action is        :inputData
2014-04-12 12:18:21,071 INFO  - Xpath is         :.//*[@id=&apos;school_name&apos;]
2014-04-12 12:18:21,071 INFO  - Expected Data is :120414121656 Public School
2014-04-12 12:18:21,082 INFO  - Actual data is   :
2014-04-12 12:18:21,083 INFO  - Step: Admin_Schools_Edit_from_Display 
Action:Click 
Xpath:.//*[@id=&apos;school_submit_action&apos;]/input 
Data:
2014-04-12 12:18:21,117 INFO  - Saranya:: .//*[@id=&apos;school_submit_action&apos;]/input
2014-04-12 12:18:21,117 INFO  - Found the web element to click
2014-04-12 12:18:21,118 INFO  - Step: Admin_Schools_Edit_from_Display 
Action:Wait 
Xpath: 
Data:
2014-04-12 12:48:21,176 ERROR - Error: (wait) 
com.thoughtworks.selenium.SeleniumException: ERROR: Command timed out
	at com.thoughtworks.selenium.HttpCommandProcessor.throwAssertionFailureExceptionOrError(HttpCommandProcessor.java:112)
	at com.thoughtworks.selenium.HttpCommandProcessor.doCommand(HttpCommandProcessor.java:106)
	at com.thoughtworks.selenium.DefaultSelenium.waitForPageToLoad(DefaultSelenium.java:678)
	at com.cafe.util.TestUtility.waitFor(TestUtility.java:424)
	at com.cafe.util.TestStep$9.call(TestStep.java:144)
	at com.cafe.util.TestStep$9.call(TestStep.java:1)
	at com.cafe.util.TestStep.doStep(TestStep.java:242)
	at com.cafe.util.TestCase.runTestCase(TestCase.java:49)
	at sun.reflect.NativeMethodAccessorImpl.invoke0(Native Method)
	at sun.reflect.NativeMethodAccessorImpl.invoke(NativeMethodAccessorImpl.java:57)
	at sun.reflect.DelegatingMethodAccessorImpl.invoke(DelegatingMethodAccessorImpl.java:43)
	at java.lang.reflect.Method.invoke(Method.java:606)
	at org.testng.internal.MethodInvocationHelper.invokeMethod(MethodInvocationHelper.java:80)
	at org.testng.internal.Invoker.invokeMethod(Invoker.java:714)
	at org.testng.internal.Invoker.invokeTestMethod(Invoker.java:901)
	at org.testng.internal.Invoker.invokeTestMethods(Invoker.java:1231)
	at org.testng.internal.TestMethodWorker.invokeTestMethods(TestMethodWorker.java:127)
	at org.testng.internal.TestMethodWorker.run(TestMethodWorker.java:111)
	at org.testng.TestRunner.privateRun(TestRunner.java:767)
	at org.testng.TestRunner.run(TestRunner.java:617)
	at org.testng.SuiteRunner.runTest(SuiteRunner.java:334)
	at org.testng.SuiteRunner.runSequentially(SuiteRunner.java:329)
	at org.testng.SuiteRunner.privateRun(SuiteRunner.java:291)
	at org.testng.SuiteRunner.run(SuiteRunner.java:240)
	at org.testng.SuiteRunnerWorker.runSuite(SuiteRunnerWorker.java:52)
	at org.testng.SuiteRunnerWorker.run(SuiteRunnerWorker.java:86)
	at org.testng.TestNG.runSuitesSequentially(TestNG.java:1198)
	at org.testng.TestNG.runSuitesLocally(TestNG.java:1123)
	at org.testng.TestNG.run(TestNG.java:1031)
	at org.apache.maven.surefire.testng.TestNGExecutor.run(TestNGExecutor.java:70)
	at org.apache.maven.surefire.testng.TestNGDirectoryTestSuite.executeMulti(TestNGDirectoryTestSuite.java:158)
	at org.apache.maven.surefire.testng.TestNGDirectoryTestSuite.execute(TestNGDirectoryTestSuite.java:98)
	at org.apache.maven.surefire.testng.TestNGProvider.invoke(TestNGProvider.java:111)
	at sun.reflect.NativeMethodAccessorImpl.invoke0(Native Method)
	at sun.reflect.NativeMethodAccessorImpl.invoke(NativeMethodAccessorImpl.java:57)
	at sun.reflect.DelegatingMethodAccessorImpl.invoke(DelegatingMethodAccessorImpl.java:43)
	at java.lang.reflect.Method.invoke(Method.java:606)
	at org.apache.maven.surefire.util.ReflectionUtils.invokeMethodWithArray(ReflectionUtils.java:164)
	at org.apache.maven.surefire.booter.ProviderFactory$ProviderProxy.invoke(ProviderFactory.java:110)
	at org.apache.maven.surefire.booter.SurefireStarter.invokeProvider(SurefireStarter.java:175)
	at org.apache.maven.surefire.booter.SurefireStarter.runSuitesInProcessWhenForked(SurefireStarter.java:107)
	at org.apache.maven.surefire.booter.ForkedBooter.main(ForkedBooter.java:68)
2014-04-12 12:48:21,179 INFO  - -----------------------------------------------------------
2014-04-12 12:48:21,180 INFO  - Action is        :com.thoughtworks.selenium.SeleniumException: ERROR: Command timed out
2014-04-12 12:48:21,181 INFO  - Xpath is         :
2014-04-12 12:48:21,181 INFO  - Expected Data is :
</system-out>
  </testcase>
  <testcase time="0.006" classname="com.cafe.util.TestCase" name="Admin_Course">
    <failure message="error opening browser:" type="java.lang.AssertionError">java.lang.AssertionError: error opening browser:
	at org.testng.Assert.fail(Assert.java:83)
	at com.cafe.util.TestUtility.setUrl(TestUtility.java:97)
	at com.cafe.util.TestStep$1.call(TestStep.java:47)
	at com.cafe.util.TestStep$1.call(TestStep.java:1)
	at com.cafe.util.TestStep.doStep(TestStep.java:242)
	at com.cafe.util.TestCase.runTestCase(TestCase.java:49)
Caused by: com.thoughtworks.selenium.SeleniumException: ERROR Server Exception: unexpected command json={command:&quot;getText&quot;,target:&quot;xpath=&quot;,value:&quot;&quot;} in place before new command open could be added
	at com.thoughtworks.selenium.HttpCommandProcessor.throwAssertionFailureExceptionOrError(HttpCommandProcessor.java:112)
	at com.thoughtworks.selenium.HttpCommandProcessor.doCommand(HttpCommandProcessor.java:106)
	at com.thoughtworks.selenium.DefaultSelenium.open(DefaultSelenium.java:369)
	at com.cafe.util.TestUtility.setUrl(TestUtility.java:94)
	... 38 more
</failure>
    <system-out>2014-04-12 13:18:21,495 INFO  - _______________________________________________________________________
2014-04-12 13:18:21,495 INFO  - Running Test:Admin_Course(firefox) on driver: browser:firefox
2014-04-12 13:18:21,495 INFO  - Step: SetUrl 
Action: 
Xpath:http://54.83.39.177/admin 
Data:
2014-04-12 13:18:21,495 INFO  - SetUrl:http://54.83.39.177/admin
2014-04-12 13:18:21,496 INFO  - Test Site:http://54.83.39.177/admin
</system-out>
  </testcase>
  <testcase time="0.006" classname="com.cafe.util.TestCase" name="Admin_User">
    <failure message="error opening browser:" type="java.lang.AssertionError">java.lang.AssertionError: error opening browser:
	at org.testng.Assert.fail(Assert.java:83)
	at com.cafe.util.TestUtility.setUrl(TestUtility.java:97)
	at com.cafe.util.TestStep$1.call(TestStep.java:47)
	at com.cafe.util.TestStep$1.call(TestStep.java:1)
	at com.cafe.util.TestStep.doStep(TestStep.java:242)
	at com.cafe.util.TestCase.runTestCase(TestCase.java:49)
Caused by: com.thoughtworks.selenium.SeleniumException: ERROR Server Exception: unexpected command json={command:&quot;getText&quot;,target:&quot;xpath=&quot;,value:&quot;&quot;} in place before new command open could be added
	at com.thoughtworks.selenium.HttpCommandProcessor.throwAssertionFailureExceptionOrError(HttpCommandProcessor.java:112)
	at com.thoughtworks.selenium.HttpCommandProcessor.doCommand(HttpCommandProcessor.java:106)
	at com.thoughtworks.selenium.DefaultSelenium.open(DefaultSelenium.java:369)
	at com.cafe.util.TestUtility.setUrl(TestUtility.java:94)
	... 38 more
</failure>
    <system-out>2014-04-12 13:18:21,681 INFO  - _______________________________________________________________________
2014-04-12 13:18:21,682 INFO  - Running Test:Admin_User(firefox) on driver: browser:firefox
2014-04-12 13:18:21,682 INFO  - Step: SetUrl 
Action: 
Xpath:http://54.83.39.177/admin 
Data:
2014-04-12 13:18:21,682 INFO  - SetUrl:http://54.83.39.177/admin
2014-04-12 13:18:21,682 INFO  - Test Site:http://54.83.39.177/admin
</system-out>
  </testcase>
</testsuite>