-------------------------------------------------------------------------------
Test set: TestSuite
-------------------------------------------------------------------------------
Tests run: 5, Failures: 4, Errors: 0, Skipped: 0, Time elapsed: 3,687.863 sec <<< FAILURE!
setUp(com.cafe.testcases.CafeLearnRegressionTest)  Time elapsed: 0 sec  <<< FAILURE!
java.lang.RuntimeException: Could not start Selenium session: Failed to start new browser session: Error while launching browser
	at com.thoughtworks.selenium.DefaultSelenium.start(DefaultSelenium.java:109)
	at com.thoughtworks.selenium.SeleneseTestBase.setUp(SeleneseTestBase.java:134)
	at com.thoughtworks.selenium.SeleneseTestBase.setUp(SeleneseTestBase.java:103)
	at com.thoughtworks.selenium.SeleneseTestNgHelper.setUp(SeleneseTestNgHelper.java:47)
	at sun.reflect.NativeMethodAccessorImpl.invoke0(Native Method)
	at sun.reflect.NativeMethodAccessorImpl.invoke(NativeMethodAccessorImpl.java:57)
	at sun.reflect.DelegatingMethodAccessorImpl.invoke(DelegatingMethodAccessorImpl.java:43)
	at java.lang.reflect.Method.invoke(Method.java:606)
	at org.testng.internal.MethodInvocationHelper.invokeMethod(MethodInvocationHelper.java:80)
	at org.testng.internal.Invoker.invokeConfigurationMethod(Invoker.java:564)
	at org.testng.internal.Invoker.invokeConfigurations(Invoker.java:213)
	at org.testng.internal.Invoker.invokeConfigurations(Invoker.java:138)
	at org.testng.TestRunner.beforeRun(TestRunner.java:641)
	at org.testng.TestRunner.run(TestRunner.java:609)
	at org.testng.SuiteRunner.runTest(SuiteRunner.java:334)
	at org.testng.SuiteRunner.runSequentially(SuiteRunner.java:329)
	at org.testng.SuiteRunner.privateRun(SuiteRunner.java:291)
	at org.testng.SuiteRunner.run(SuiteRunner.java:240)
	at org.testng.SuiteRunnerWorker.runSuite(SuiteRunnerWorker.java:52)
	at org.testng.SuiteRunnerWorker.run(SuiteRunnerWorker.java:86)
	at org.testng.TestNG.runSuitesSequentially(TestNG.java:1198)
	at org.testng.TestNG.runSuitesLocally(TestNG.java:1123)
	at org.testng.TestNG.run(TestNG.java:1031)
	at org.apache.maven.surefire.testng.TestNGExecutor.run(TestNGExecutor.java:70)
	at org.apache.maven.surefire.testng.TestNGDirectoryTestSuite.executeMulti(TestNGDirectoryTestSuite.java:158)
	at org.apache.maven.surefire.testng.TestNGDirectoryTestSuite.execute(TestNGDirectoryTestSuite.java:98)
	at org.apache.maven.surefire.testng.TestNGProvider.invoke(TestNGProvider.java:111)
	at sun.reflect.NativeMethodAccessorImpl.invoke0(Native Method)
	at sun.reflect.NativeMethodAccessorImpl.invoke(NativeMethodAccessorImpl.java:57)
	at sun.reflect.DelegatingMethodAccessorImpl.invoke(DelegatingMethodAccessorImpl.java:43)
	at java.lang.reflect.Method.invoke(Method.java:606)
	at org.apache.maven.surefire.util.ReflectionUtils.invokeMethodWithArray(ReflectionUtils.java:164)
	at org.apache.maven.surefire.booter.ProviderFactory$ProviderProxy.invoke(ProviderFactory.java:110)
	at org.apache.maven.surefire.booter.SurefireStarter.invokeProvider(SurefireStarter.java:175)
	at org.apache.maven.surefire.booter.SurefireStarter.runSuitesInProcessWhenForked(SurefireStarter.java:107)
	at org.apache.maven.surefire.booter.ForkedBooter.main(ForkedBooter.java:68)
Caused by: com.thoughtworks.selenium.SeleniumException: Failed to start new browser session: Error while launching browser
	at com.thoughtworks.selenium.HttpCommandProcessor.throwAssertionFailureExceptionOrError(HttpCommandProcessor.java:112)
	at com.thoughtworks.selenium.HttpCommandProcessor.doCommand(HttpCommandProcessor.java:106)
	at com.thoughtworks.selenium.HttpCommandProcessor.getString(HttpCommandProcessor.java:275)
	at com.thoughtworks.selenium.HttpCommandProcessor.start(HttpCommandProcessor.java:237)
	at com.thoughtworks.selenium.DefaultSelenium.start(DefaultSelenium.java:100)
	... 35 more
Caused by: com.thoughtworks.selenium.SeleniumException: Failed to start new browser session: Error while launching browser
	at com.thoughtworks.selenium.HttpCommandProcessor.throwAssertionFailureExceptionOrError(HttpCommandProcessor.java:112)
	at com.thoughtworks.selenium.HttpCommandProcessor.doCommand(HttpCommandProcessor.java:106)
	at com.thoughtworks.selenium.HttpCommandProcessor.getString(HttpCommandProcessor.java:275)
	at com.thoughtworks.selenium.HttpCommandProcessor.start(HttpCommandProcessor.java:237)
	at com.thoughtworks.selenium.DefaultSelenium.start(DefaultSelenium.java:100)
	... 35 more
Admin_School(firefox)(com.cafe.util.TestCase)  Time elapsed: 3,655.655 sec  <<< FAILURE!
com.thoughtworks.selenium.SeleniumException: ERROR: Command timed out
	at com.thoughtworks.selenium.HttpCommandProcessor.throwAssertionFailureExceptionOrError(HttpCommandProcessor.java:112)
	at com.thoughtworks.selenium.HttpCommandProcessor.doCommand(HttpCommandProcessor.java:106)
	at com.thoughtworks.selenium.HttpCommandProcessor.getString(HttpCommandProcessor.java:275)
	at com.thoughtworks.selenium.DefaultSelenium.getText(DefaultSelenium.java:471)
	at com.cafe.util.TestUtility.detailActionReport(TestUtility.java:87)
	at com.cafe.util.TestUtility.waitFor(TestUtility.java:429)
	at com.cafe.util.TestStep$9.call(TestStep.java:144)
	at com.cafe.util.TestStep$9.call(TestStep.java:1)
	at com.cafe.util.TestStep.doStep(TestStep.java:242)
	at com.cafe.util.TestCase.runTestCase(TestCase.java:49)
Admin_Course(firefox)(com.cafe.util.TestCase)  Time elapsed: 0.006 sec  <<< FAILURE!
java.lang.AssertionError: error opening browser:
	at org.testng.Assert.fail(Assert.java:83)
	at com.cafe.util.TestUtility.setUrl(TestUtility.java:97)
	at com.cafe.util.TestStep$1.call(TestStep.java:47)
	at com.cafe.util.TestStep$1.call(TestStep.java:1)
	at com.cafe.util.TestStep.doStep(TestStep.java:242)
	at com.cafe.util.TestCase.runTestCase(TestCase.java:49)
Caused by: com.thoughtworks.selenium.SeleniumException: ERROR Server Exception: unexpected command json={command:"getText",target:"xpath=",value:""} in place before new command open could be added
	at com.thoughtworks.selenium.HttpCommandProcessor.throwAssertionFailureExceptionOrError(HttpCommandProcessor.java:112)
	at com.thoughtworks.selenium.HttpCommandProcessor.doCommand(HttpCommandProcessor.java:106)
	at com.thoughtworks.selenium.DefaultSelenium.open(DefaultSelenium.java:369)
	at com.cafe.util.TestUtility.setUrl(TestUtility.java:94)
	... 38 more
Admin_User(firefox)(com.cafe.util.TestCase)  Time elapsed: 0.006 sec  <<< FAILURE!
java.lang.AssertionError: error opening browser:
	at org.testng.Assert.fail(Assert.java:83)
	at com.cafe.util.TestUtility.setUrl(TestUtility.java:97)
	at com.cafe.util.TestStep$1.call(TestStep.java:47)
	at com.cafe.util.TestStep$1.call(TestStep.java:1)
	at com.cafe.util.TestStep.doStep(TestStep.java:242)
	at com.cafe.util.TestCase.runTestCase(TestCase.java:49)
Caused by: com.thoughtworks.selenium.SeleniumException: ERROR Server Exception: unexpected command json={command:"getText",target:"xpath=",value:""} in place before new command open could be added
	at com.thoughtworks.selenium.HttpCommandProcessor.throwAssertionFailureExceptionOrError(HttpCommandProcessor.java:112)
	at com.thoughtworks.selenium.HttpCommandProcessor.doCommand(HttpCommandProcessor.java:106)
	at com.thoughtworks.selenium.DefaultSelenium.open(DefaultSelenium.java:369)
	at com.cafe.util.TestUtility.setUrl(TestUtility.java:94)
	... 38 more
