<!DOCTYPE html PUBLIC "-//W3C//DTD XHTML 1.1//EN" "http://www.w3.org/TR/xhtml11/DTD/xhtml11.dtd">
<html xmlns="http://www.w3.org/1999/xhtml"><head><title>TestNG Report</title><style type="text/css">table {margin-bottom:10px;border-collapse:collapse;empty-cells:show}th,td {border:1px solid #009;padding:.25em .5em}th {vertical-align:bottom}td {vertical-align:top}table a {font-weight:bold}.stripe td {background-color: #E6EBF9}.num {text-align:right}.passedodd td {background-color: #3F3}.passedeven td {background-color: #0A0}.skippedodd td {background-color: #DDD}.skippedeven td {background-color: #CCC}.failedodd td,.attn {background-color: #F33}.failedeven td,.stripe .attn {background-color: #D00}.stacktrace {white-space:pre;font-family:monospace}.totop {font-size:85%;text-align:center;border-bottom:2px solid #000}</style></head><body><table><tr><th>Test</th><th># Passed</th><th># Skipped</th><th># Failed</th><th>Time (ms)</th><th>Included Groups</th><th>Excluded Groups</th></tr><tr><th colspan="7">Suite</th></tr><tr><td><a href="#t0">Test</a></td><td class="num">0</td><td class="num">0</td><td class="num attn">3</td><td class="num">4,151</td><td></td><td></td></tr></table><table><thead><tr><th>Class</th><th>Method</th><th>Start</th><th>Time (ms)</th></tr></thead><tbody><tr><th colspan="4">Suite</th></tr></tbody><tbody id="t0"><tr><th colspan="4">Test &#8212; failed (configuration methods)</th></tr><tr class="failedeven"><td rowspan="1">com.cafe.testcases.CafeLearnRegressionTest</td><td><a href="#m0">setUp</a></td><td rowspan="1">1395727738061</td><td rowspan="1">0</td></tr><tr><th colspan="4">Test &#8212; failed</th></tr><tr class="failedeven"><td rowspan="3">com.cafe.util.TestCase</td><td><a href="#m1">addBeginStep</a></td><td rowspan="1">1395727740174</td><td rowspan="1">0</td></tr><tr class="failedeven"><td><a href="#m2">addEndStep</a></td><td rowspan="1">1395727740182</td><td rowspan="1">0</td></tr><tr class="failedeven"><td><a href="#m3">runTestCase</a></td><td rowspan="1">1395727740184</td><td rowspan="1">1010</td></tr></tbody></table><h2>Test</h2><h3 id="m0">com.cafe.testcases.CafeLearnRegressionTest#setUp</h3><table class="result"><tr class="param"><th>Parameter #1</th><th>Parameter #2</th></tr><tr class="param stripe"><td>null</td><td>null</td></tr><tr><th colspan="2">Messages</th></tr><tr><td colspan="2"><div class="messages">Couldn&apos;t create screenshot<br/>Connection refused: connect</div></td></tr><tr><th colspan="2">Exception</th></tr><tr><td colspan="2"><div class="stacktrace">java.lang.RuntimeException: Could not contact Selenium Server; have you started it on &apos;localhost:4444&apos; ?
Read more at http://seleniumhq.org/projects/remote-control/not-started.html
Connection refused: connect
	at com.thoughtworks.selenium.DefaultSelenium.start(DefaultSelenium.java:104)
	at com.thoughtworks.selenium.SeleneseTestBase.setUp(SeleneseTestBase.java:134)
	at com.thoughtworks.selenium.SeleneseTestBase.setUp(SeleneseTestBase.java:103)
	at com.thoughtworks.selenium.SeleneseTestNgHelper.setUp(SeleneseTestNgHelper.java:47)
... Removed 22 stack frames</div></td></tr></table><p class="totop"><a href="#summary">back to summary</a></p><h3 id="m1">com.cafe.util.TestCase#addBeginStep</h3><table class="result"><tr><th>Exception</th></tr><tr><td><div class="stacktrace">org.testng.TestNGException: 
Method addBeginStep requires 1 parameters but 0 were supplied in the @Test annotation.
... Removed 23 stack frames</div></td></tr></table><p class="totop"><a href="#summary">back to summary</a></p><h3 id="m2">com.cafe.util.TestCase#addEndStep</h3><table class="result"><tr><th>Exception</th></tr><tr><td><div class="stacktrace">org.testng.TestNGException: 
Method addEndStep requires 1 parameters but 0 were supplied in the @Test annotation.
... Removed 23 stack frames</div></td></tr></table><p class="totop"><a href="#summary">back to summary</a></p><h3 id="m3">com.cafe.util.TestCase#runTestCase</h3><table class="result"><tr><th>Messages</th></tr><tr><td><div class="messages">Running Test:AdminLogin(firefox) on driver: browser:firefox<br/>Step: OpenBrowser 
Action:http://54.83.39.177 
Xpath: 
Data:firefox<br/>---------------------------------------------------------<br/>Suite:AdminLogin(firefox)
:Step:OpenBrowser
Action:http://54.83.39.177<br/>---------------------------------------------------------<br/>OpenBrowser:firefox<br/>Couldn&apos;t create screenshot<br/>Connection refused: connect</div></td></tr><tr><th>Exception</th></tr><tr><td><div class="stacktrace">java.lang.AssertionError: error opening browser:
	at com.cafe.util.TestUtility.openBrowser(TestUtility.java:903)
	at com.cafe.util.TestStep$2.call(TestStep.java:69)
	at com.cafe.util.TestStep$2.call(TestStep.java:1)
	at com.cafe.util.TestStep.doStep(TestStep.java:416)
	at com.cafe.util.TestCase.runTestCase(TestCase.java:49)
Caused by: java.lang.RuntimeException: Could not contact Selenium Server; have you started it on &apos;localhost:4444&apos; ?
Read more at http://seleniumhq.org/projects/remote-control/not-started.html
Connection refused: connect
	at com.thoughtworks.selenium.DefaultSelenium.start(DefaultSelenium.java:104)
	at com.cafe.util.TestUtility.openBrowser(TestUtility.java:901)
	... 28 more
... Removed 25 stack frames</div></td></tr></table><p class="totop"><a href="#summary">back to summary</a></p></body></html>