<?xml version="1.0" encoding="UTF-8"?>
<testng-results skipped="0" failed="3" total="3" passed="0">
  <reporter-output>
    <line>
      <![CDATA[Couldn't create screenshot]]>
    </line>
    <line>
      <![CDATA[Connection refused: connect]]>
    </line>
    <line>
      <![CDATA[Running Test:AdminLogin(firefox) on driver: browser:firefox]]>
    </line>
    <line>
      <![CDATA[Step: OpenBrowser 
Action:http://54.83.39.177 
Xpath: 
Data:firefox]]>
    </line>
    <line>
      <![CDATA[---------------------------------------------------------]]>
    </line>
    <line>
      <![CDATA[Suite:AdminLogin(firefox)
:Step:OpenBrowser
Action:http://54.83.39.177]]>
    </line>
    <line>
      <![CDATA[---------------------------------------------------------]]>
    </line>
    <line>
      <![CDATA[OpenBrowser:firefox]]>
    </line>
    <line>
      <![CDATA[Couldn't create screenshot]]>
    </line>
    <line>
      <![CDATA[Connection refused: connect]]>
    </line>
  </reporter-output>
  <suite name="Suite" duration-ms="4151" started-at="2014-03-25T06:08:58Z" finished-at="2014-03-25T06:09:02Z">
    <groups>
    </groups>
    <test name="Test" duration-ms="4151" started-at="2014-03-25T06:08:58Z" finished-at="2014-03-25T06:09:02Z">
      <class name="com.cafe.testcases.CafeLearnRegressionTest">
        <test-method status="PASS" signature="attachScreenshotListener(java.lang.String, java.lang.String, org.testng.ITestContext)[pri:0, instance:com.cafe.testcases.CafeLearnRegressionTest@654339ed]" name="attachScreenshotListener" is-config="true" duration-ms="7" started-at="2014-03-25T11:38:58Z" finished-at="2014-03-25T11:38:58Z">
          <params>
            <param index="0">
              <value>
                <![CDATA[localhost]]>
              </value>
            </param>
            <param index="1">
              <value>
                <![CDATA[4444]]>
              </value>
            </param>
            <param index="2">
              <value>
                <![CDATA[org.testng.TestRunner@4328493c]]>
              </value>
            </param>
          </params>
          <reporter-output>
          </reporter-output>
        </test-method> <!-- attachScreenshotListener -->
        <test-method status="FAIL" signature="setUp(java.lang.String, java.lang.String)[pri:0, instance:com.cafe.testcases.CafeLearnRegressionTest@654339ed]" name="setUp" is-config="true" duration-ms="0" started-at="2014-03-25T11:38:58Z" finished-at="2014-03-25T11:38:58Z">
          <params>
            <param index="0">
              <value is-null="true"/>
            </param>
            <param index="1">
              <value is-null="true"/>
            </param>
          </params>
          <exception class="java.lang.RuntimeException">
            <message>
              <![CDATA[Could not contact Selenium Server; have you started it on 'localhost:4444' ?
Read more at http://seleniumhq.org/projects/remote-control/not-started.html
Connection refused: connect]]>
            </message>
            <full-stacktrace>
              <![CDATA[java.lang.RuntimeException: Could not contact Selenium Server; have you started it on 'localhost:4444' ?
Read more at http://seleniumhq.org/projects/remote-control/not-started.html
Connection refused: connect
	at com.thoughtworks.selenium.DefaultSelenium.start(DefaultSelenium.java:104)
	at com.thoughtworks.selenium.SeleneseTestBase.setUp(SeleneseTestBase.java:134)
	at com.thoughtworks.selenium.SeleneseTestBase.setUp(SeleneseTestBase.java:103)
	at com.thoughtworks.selenium.SeleneseTestNgHelper.setUp(SeleneseTestNgHelper.java:47)
	at sun.reflect.NativeMethodAccessorImpl.invoke0(Native Method)
	at sun.reflect.NativeMethodAccessorImpl.invoke(NativeMethodAccessorImpl.java:57)
	at sun.reflect.DelegatingMethodAccessorImpl.invoke(DelegatingMethodAccessorImpl.java:43)
	at java.lang.reflect.Method.invoke(Method.java:606)
	at org.testng.internal.MethodInvocationHelper.invokeMethod(MethodInvocationHelper.java:84)
	at org.testng.internal.Invoker.invokeConfigurationMethod(Invoker.java:564)
	at org.testng.internal.Invoker.invokeConfigurations(Invoker.java:213)
	at org.testng.internal.Invoker.invokeConfigurations(Invoker.java:138)
	at org.testng.TestRunner.beforeRun(TestRunner.java:641)
	at org.testng.TestRunner.run(TestRunner.java:609)
	at org.testng.SuiteRunner.runTest(SuiteRunner.java:334)
	at org.testng.SuiteRunner.runSequentially(SuiteRunner.java:329)
	at org.testng.SuiteRunner.privateRun(SuiteRunner.java:291)
	at org.testng.SuiteRunner.run(SuiteRunner.java:240)
	at org.testng.SuiteRunnerWorker.runSuite(SuiteRunnerWorker.java:52)
	at org.testng.SuiteRunnerWorker.run(SuiteRunnerWorker.java:86)
	at org.testng.TestNG.runSuitesSequentially(TestNG.java:1224)
	at org.testng.TestNG.runSuitesLocally(TestNG.java:1149)
	at org.testng.TestNG.run(TestNG.java:1057)
	at org.testng.remote.RemoteTestNG.run(RemoteTestNG.java:111)
	at org.testng.remote.RemoteTestNG.initAndRun(RemoteTestNG.java:204)
	at org.testng.remote.RemoteTestNG.main(RemoteTestNG.java:175)
]]>
            </full-stacktrace>
          </exception> <!-- java.lang.RuntimeException -->
          <reporter-output>
            <line>
              <![CDATA[Couldn't create screenshot]]>
            </line>
            <line>
              <![CDATA[Connection refused: connect]]>
            </line>
          </reporter-output>
        </test-method> <!-- setUp -->
        <test-method status="PASS" signature="tearDown()[pri:0, instance:com.cafe.testcases.CafeLearnRegressionTest@654339ed]" name="tearDown" is-config="true" duration-ms="0" started-at="2014-03-25T11:39:02Z" finished-at="2014-03-25T11:39:02Z">
          <reporter-output>
          </reporter-output>
        </test-method> <!-- tearDown -->
      </class> <!-- com.cafe.testcases.CafeLearnRegressionTest -->
      <class name="com.cafe.util.TestCase">
        <test-method status="FAIL" signature="addBeginStep(com.cafe.util.TestStep)[pri:0, instance:com.cafe.util.TestCase@2ac9b619]" test-instance-name="AdminLogin(firefox)" name="addBeginStep" duration-ms="0" started-at="2014-03-25T11:39:00Z" finished-at="2014-03-25T11:39:00Z">
          <exception class="org.testng.TestNGException">
            <message>
              <![CDATA[
Method addBeginStep requires 1 parameters but 0 were supplied in the @Test annotation.]]>
            </message>
            <full-stacktrace>
              <![CDATA[org.testng.TestNGException: 
Method addBeginStep requires 1 parameters but 0 were supplied in the @Test annotation.
	at org.testng.internal.Parameters.checkParameterTypes(Parameters.java:198)
	at org.testng.internal.Parameters.createParameters(Parameters.java:134)
	at org.testng.internal.Parameters.createParameters(Parameters.java:373)
	at org.testng.internal.Parameters.handleParameters(Parameters.java:450)
	at org.testng.internal.Invoker.handleParameters(Invoker.java:1383)
	at org.testng.internal.Invoker.createParameters(Invoker.java:1075)
	at org.testng.internal.Invoker.invokeTestMethods(Invoker.java:1180)
	at org.testng.internal.TestMethodWorker.invokeTestMethods(TestMethodWorker.java:127)
	at org.testng.internal.TestMethodWorker.run(TestMethodWorker.java:111)
	at org.testng.TestRunner.privateRun(TestRunner.java:767)
	at org.testng.TestRunner.run(TestRunner.java:617)
	at org.testng.SuiteRunner.runTest(SuiteRunner.java:334)
	at org.testng.SuiteRunner.runSequentially(SuiteRunner.java:329)
	at org.testng.SuiteRunner.privateRun(SuiteRunner.java:291)
	at org.testng.SuiteRunner.run(SuiteRunner.java:240)
	at org.testng.SuiteRunnerWorker.runSuite(SuiteRunnerWorker.java:52)
	at org.testng.SuiteRunnerWorker.run(SuiteRunnerWorker.java:86)
	at org.testng.TestNG.runSuitesSequentially(TestNG.java:1224)
	at org.testng.TestNG.runSuitesLocally(TestNG.java:1149)
	at org.testng.TestNG.run(TestNG.java:1057)
	at org.testng.remote.RemoteTestNG.run(RemoteTestNG.java:111)
	at org.testng.remote.RemoteTestNG.initAndRun(RemoteTestNG.java:204)
	at org.testng.remote.RemoteTestNG.main(RemoteTestNG.java:175)
]]>
            </full-stacktrace>
          </exception> <!-- org.testng.TestNGException -->
          <reporter-output>
          </reporter-output>
        </test-method> <!-- addBeginStep -->
        <test-method status="FAIL" signature="addEndStep(com.cafe.util.TestStep)[pri:0, instance:com.cafe.util.TestCase@2ac9b619]" test-instance-name="AdminLogin(firefox)" name="addEndStep" duration-ms="0" started-at="2014-03-25T11:39:00Z" finished-at="2014-03-25T11:39:00Z">
          <exception class="org.testng.TestNGException">
            <message>
              <![CDATA[
Method addEndStep requires 1 parameters but 0 were supplied in the @Test annotation.]]>
            </message>
            <full-stacktrace>
              <![CDATA[org.testng.TestNGException: 
Method addEndStep requires 1 parameters but 0 were supplied in the @Test annotation.
	at org.testng.internal.Parameters.checkParameterTypes(Parameters.java:198)
	at org.testng.internal.Parameters.createParameters(Parameters.java:134)
	at org.testng.internal.Parameters.createParameters(Parameters.java:373)
	at org.testng.internal.Parameters.handleParameters(Parameters.java:450)
	at org.testng.internal.Invoker.handleParameters(Invoker.java:1383)
	at org.testng.internal.Invoker.createParameters(Invoker.java:1075)
	at org.testng.internal.Invoker.invokeTestMethods(Invoker.java:1180)
	at org.testng.internal.TestMethodWorker.invokeTestMethods(TestMethodWorker.java:127)
	at org.testng.internal.TestMethodWorker.run(TestMethodWorker.java:111)
	at org.testng.TestRunner.privateRun(TestRunner.java:767)
	at org.testng.TestRunner.run(TestRunner.java:617)
	at org.testng.SuiteRunner.runTest(SuiteRunner.java:334)
	at org.testng.SuiteRunner.runSequentially(SuiteRunner.java:329)
	at org.testng.SuiteRunner.privateRun(SuiteRunner.java:291)
	at org.testng.SuiteRunner.run(SuiteRunner.java:240)
	at org.testng.SuiteRunnerWorker.runSuite(SuiteRunnerWorker.java:52)
	at org.testng.SuiteRunnerWorker.run(SuiteRunnerWorker.java:86)
	at org.testng.TestNG.runSuitesSequentially(TestNG.java:1224)
	at org.testng.TestNG.runSuitesLocally(TestNG.java:1149)
	at org.testng.TestNG.run(TestNG.java:1057)
	at org.testng.remote.RemoteTestNG.run(RemoteTestNG.java:111)
	at org.testng.remote.RemoteTestNG.initAndRun(RemoteTestNG.java:204)
	at org.testng.remote.RemoteTestNG.main(RemoteTestNG.java:175)
]]>
            </full-stacktrace>
          </exception> <!-- org.testng.TestNGException -->
          <reporter-output>
          </reporter-output>
        </test-method> <!-- addEndStep -->
        <test-method status="FAIL" signature="runTestCase()[pri:0, instance:com.cafe.util.TestCase@2ac9b619]" test-instance-name="AdminLogin(firefox)" name="runTestCase" duration-ms="1010" started-at="2014-03-25T11:39:00Z" finished-at="2014-03-25T11:39:01Z">
          <exception class="java.lang.AssertionError">
            <message>
              <![CDATA[error opening browser:]]>
            </message>
            <full-stacktrace>
              <![CDATA[java.lang.AssertionError: error opening browser:
	at org.testng.Assert.fail(Assert.java:83)
	at com.cafe.util.TestUtility.openBrowser(TestUtility.java:903)
	at com.cafe.util.TestStep$2.call(TestStep.java:69)
	at com.cafe.util.TestStep$2.call(TestStep.java:1)
	at com.cafe.util.TestStep.doStep(TestStep.java:416)
	at com.cafe.util.TestCase.runTestCase(TestCase.java:49)
	at sun.reflect.NativeMethodAccessorImpl.invoke0(Native Method)
	at sun.reflect.NativeMethodAccessorImpl.invoke(NativeMethodAccessorImpl.java:57)
	at sun.reflect.DelegatingMethodAccessorImpl.invoke(DelegatingMethodAccessorImpl.java:43)
	at java.lang.reflect.Method.invoke(Method.java:606)
	at org.testng.internal.MethodInvocationHelper.invokeMethod(MethodInvocationHelper.java:84)
	at org.testng.internal.Invoker.invokeMethod(Invoker.java:714)
	at org.testng.internal.Invoker.invokeTestMethod(Invoker.java:901)
	at org.testng.internal.Invoker.invokeTestMethods(Invoker.java:1231)
	at org.testng.internal.TestMethodWorker.invokeTestMethods(TestMethodWorker.java:127)
	at org.testng.internal.TestMethodWorker.run(TestMethodWorker.java:111)
	at org.testng.TestRunner.privateRun(TestRunner.java:767)
	at org.testng.TestRunner.run(TestRunner.java:617)
	at org.testng.SuiteRunner.runTest(SuiteRunner.java:334)
	at org.testng.SuiteRunner.runSequentially(SuiteRunner.java:329)
	at org.testng.SuiteRunner.privateRun(SuiteRunner.java:291)
	at org.testng.SuiteRunner.run(SuiteRunner.java:240)
	at org.testng.SuiteRunnerWorker.runSuite(SuiteRunnerWorker.java:52)
	at org.testng.SuiteRunnerWorker.run(SuiteRunnerWorker.java:86)
	at org.testng.TestNG.runSuitesSequentially(TestNG.java:1224)
	at org.testng.TestNG.runSuitesLocally(TestNG.java:1149)
	at org.testng.TestNG.run(TestNG.java:1057)
	at org.testng.remote.RemoteTestNG.run(RemoteTestNG.java:111)
	at org.testng.remote.RemoteTestNG.initAndRun(RemoteTestNG.java:204)
	at org.testng.remote.RemoteTestNG.main(RemoteTestNG.java:175)
Caused by: java.lang.RuntimeException: Could not contact Selenium Server; have you started it on 'localhost:4444' ?
Read more at http://seleniumhq.org/projects/remote-control/not-started.html
Connection refused: connect
	at com.thoughtworks.selenium.DefaultSelenium.start(DefaultSelenium.java:104)
	at com.cafe.util.TestUtility.openBrowser(TestUtility.java:901)
	... 28 more
]]>
            </full-stacktrace>
          </exception> <!-- java.lang.AssertionError -->
          <reporter-output>
            <line>
              <![CDATA[Running Test:AdminLogin(firefox) on driver: browser:firefox]]>
            </line>
            <line>
              <![CDATA[Step: OpenBrowser 
Action:http://54.83.39.177 
Xpath: 
Data:firefox]]>
            </line>
            <line>
              <![CDATA[---------------------------------------------------------]]>
            </line>
            <line>
              <![CDATA[Suite:AdminLogin(firefox)
:Step:OpenBrowser
Action:http://54.83.39.177]]>
            </line>
            <line>
              <![CDATA[---------------------------------------------------------]]>
            </line>
            <line>
              <![CDATA[OpenBrowser:firefox]]>
            </line>
            <line>
              <![CDATA[Couldn't create screenshot]]>
            </line>
            <line>
              <![CDATA[Connection refused: connect]]>
            </line>
          </reporter-output>
        </test-method> <!-- runTestCase -->
      </class> <!-- com.cafe.util.TestCase -->
    </test> <!-- Test -->
  </suite> <!-- Suite -->
</testng-results>
